<?xml version="1.0" ?>
<!DOCTYPE coverage SYSTEM "https://cobertura.sourceforge.net/xml/coverage-04.dtd">
<coverage branch-rate="0" branches-covered="0" branches-valid="0" complexity="0" line-rate="0.8315282791817088" lines-covered="1382" lines-valid="1662" timestamp="1767626706" version="2.0.3">
    <sources>
        <source>/home/randl/Documents/catapult/catarepo</source>
    </sources>
    <packages>
        <package line-rate="0.9680851063829787" branch-rate="0" name="src.numerics" complexity="0">
            <classes>
                <class branch-rate="0" complexity="0" filename="src/numerics/aligned_block.rs" line-rate="0.7272727272727273" name="src.numerics.aligned_block.rs">
                    <methods>
                        <method name="&lt;catapult::numerics::aligned_block::AlignedBlock&gt;::new" signature="" complexity="0" line-rate="1" branch-rate="1">
                            <lines>
                                <line hits="236" number="10" branch="false"/>
                            </lines>
                        </method>
                        <method name="&lt;catapult::numerics::aligned_block::AlignedBlock&gt;::data" signature="" complexity="0" line-rate="0" branch-rate="0">
                            <lines>
                                <line hits="0" number="14" branch="false"/>
                            </lines>
                        </method>
                        <method name="catapult::numerics::aligned_block::tests::test_alignedblock_is_aligned_on_simd" signature="" complexity="0" line-rate="1" branch-rate="1">
                            <lines>
                                <line hits="1" number="24" branch="false"/>
                            </lines>
                        </method>
                    </methods>
                    <lines>
                        <line branch="false" hits="236" number="10"/>
                        <line branch="false" hits="236" number="11"/>
                        <line branch="false" hits="236" number="12"/>
                        <line branch="false" hits="0" number="14"/>
                        <line branch="false" hits="0" number="15"/>
                        <line branch="false" hits="0" number="16"/>
                        <line branch="false" hits="1" number="24"/>
                        <line branch="false" hits="1" number="25"/>
                        <line branch="false" hits="1" number="26"/>
                        <line branch="false" hits="1" number="27"/>
                        <line branch="false" hits="1" number="37"/>
                    </lines>
                </class>
                <class branch-rate="0" complexity="0" filename="src/numerics/f32slice.rs" line-rate="1" name="src.numerics.f32slice.rs">
                    <methods>
                        <method name="catapult::numerics::f32slice::tests::scalar_l2_sq::{closure#0}" signature="" complexity="0" line-rate="1" branch-rate="1">
                            <lines>
                                <line hits="1" number="111" branch="false"/>
                            </lines>
                        </method>
                        <method name="catapult::numerics::f32slice::tests::scalar_l2_sq" signature="" complexity="0" line-rate="1" branch-rate="1">
                            <lines>
                                <line hits="1" number="108" branch="false"/>
                            </lines>
                        </method>
                        <method name="catapult::numerics::f32slice::tests::approx_eq" signature="" complexity="0" line-rate="1" branch-rate="1">
                            <lines>
                                <line hits="4" number="103" branch="false"/>
                            </lines>
                        </method>
                        <method name="catapult::numerics::f32slice::tests::l2_is_sqrt_of_l2_squared" signature="" complexity="0" line-rate="1" branch-rate="1">
                            <lines>
                                <line hits="1" number="137" branch="false"/>
                            </lines>
                        </method>
                        <method name="catapult::numerics::f32slice::tests::identical_vectors_have_zero_distance" signature="" complexity="0" line-rate="1" branch-rate="1">
                            <lines>
                                <line hits="1" number="151" branch="false"/>
                            </lines>
                        </method>
                        <method name="catapult::numerics::f32slice::tests::l2_squared_matches_scalar_multiple_of_lanes" signature="" complexity="0" line-rate="1" branch-rate="1">
                            <lines>
                                <line hits="1" number="123" branch="false"/>
                            </lines>
                        </method>
                        <method name="&lt;[catapult::numerics::aligned_block::AlignedBlock] as catapult::numerics::f32slice::VectorLike&gt;::l2_squared" signature="" complexity="0" line-rate="1" branch-rate="1">
                            <lines>
                                <line hits="17" number="42" branch="false"/>
                            </lines>
                        </method>
                        <method name="&lt;[catapult::numerics::aligned_block::AlignedBlock] as catapult::numerics::f32slice::VectorLike&gt;::l2" signature="" complexity="0" line-rate="1" branch-rate="1">
                            <lines>
                                <line hits="2" number="72" branch="false"/>
                            </lines>
                        </method>
                        <method name="&lt;[catapult::numerics::aligned_block::AlignedBlock] as catapult::numerics::f32slice::VectorLike&gt;::dot" signature="" complexity="0" line-rate="1" branch-rate="1">
                            <lines>
                                <line hits="110" number="77" branch="false"/>
                            </lines>
                        </method>
                    </methods>
                    <lines>
                        <line branch="false" hits="17" number="42"/>
                        <line branch="false" hits="17" number="43"/>
                        <line branch="false" hits="17" number="46"/>
                        <line branch="false" hits="17" number="47"/>
                        <line branch="false" hits="17" number="48"/>
                        <line branch="false" hits="17" number="49"/>
                        <line branch="false" hits="17" number="51"/>
                        <line branch="false" hits="17" number="52"/>
                        <line branch="false" hits="17" number="53"/>
                        <line branch="false" hits="17" number="54"/>
                        <line branch="false" hits="17" number="55"/>
                        <line branch="false" hits="17" number="56"/>
                        <line branch="false" hits="17" number="57"/>
                        <line branch="false" hits="17" number="58"/>
                        <line branch="false" hits="17" number="59"/>
                        <line branch="false" hits="17" number="61"/>
                        <line branch="false" hits="17" number="62"/>
                        <line branch="false" hits="2" number="72"/>
                        <line branch="false" hits="2" number="73"/>
                        <line branch="false" hits="2" number="74"/>
                        <line branch="false" hits="110" number="77"/>
                        <line branch="false" hits="110" number="78"/>
                        <line branch="false" hits="110" number="80"/>
                        <line branch="false" hits="110" number="81"/>
                        <line branch="false" hits="110" number="82"/>
                        <line branch="false" hits="110" number="83"/>
                        <line branch="false" hits="110" number="85"/>
                        <line branch="false" hits="110" number="86"/>
                        <line branch="false" hits="110" number="87"/>
                        <line branch="false" hits="110" number="88"/>
                        <line branch="false" hits="110" number="89"/>
                        <line branch="false" hits="110" number="91"/>
                        <line branch="false" hits="110" number="92"/>
                        <line branch="false" hits="4" number="103"/>
                        <line branch="false" hits="4" number="104"/>
                        <line branch="false" hits="4" number="105"/>
                        <line branch="false" hits="4" number="106"/>
                        <line branch="false" hits="1" number="108"/>
                        <line branch="false" hits="1" number="109"/>
                        <line branch="false" hits="1" number="110"/>
                        <line branch="false" hits="1" number="111"/>
                        <line branch="false" hits="1" number="112"/>
                        <line branch="false" hits="16" number="113"/>
                        <line branch="false" hits="16" number="114"/>
                        <line branch="false" hits="16" number="115"/>
                        <line branch="false" hits="16" number="116"/>
                        <line branch="false" hits="1" number="117"/>
                        <line branch="false" hits="1" number="118"/>
                        <line branch="false" hits="1" number="119"/>
                        <line branch="false" hits="1" number="120"/>
                        <line branch="false" hits="1" number="123"/>
                        <line branch="false" hits="1" number="124"/>
                        <line branch="false" hits="1" number="125"/>
                        <line branch="false" hits="1" number="126"/>
                        <line branch="false" hits="1" number="127"/>
                        <line branch="false" hits="1" number="128"/>
                        <line branch="false" hits="1" number="129"/>
                        <line branch="false" hits="1" number="130"/>
                        <line branch="false" hits="1" number="131"/>
                        <line branch="false" hits="1" number="132"/>
                        <line branch="false" hits="1" number="133"/>
                        <line branch="false" hits="1" number="134"/>
                        <line branch="false" hits="1" number="137"/>
                        <line branch="false" hits="1" number="138"/>
                        <line branch="false" hits="1" number="139"/>
                        <line branch="false" hits="1" number="140"/>
                        <line branch="false" hits="1" number="141"/>
                        <line branch="false" hits="1" number="142"/>
                        <line branch="false" hits="1" number="143"/>
                        <line branch="false" hits="1" number="144"/>
                        <line branch="false" hits="1" number="145"/>
                        <line branch="false" hits="1" number="146"/>
                        <line branch="false" hits="1" number="147"/>
                        <line branch="false" hits="1" number="148"/>
                        <line branch="false" hits="1" number="151"/>
                        <line branch="false" hits="1" number="152"/>
                        <line branch="false" hits="1" number="153"/>
                        <line branch="false" hits="1" number="154"/>
                        <line branch="false" hits="1" number="155"/>
                        <line branch="false" hits="1" number="156"/>
                        <line branch="false" hits="1" number="157"/>
                        <line branch="false" hits="1" number="158"/>
                        <line branch="false" hits="1" number="159"/>
                    </lines>
                </class>
            </classes>
        </package>
        <package line-rate="0" branch-rate="0" name="src.statistics" complexity="0">
            <classes>
                <class branch-rate="0" complexity="0" filename="src/statistics/stats.rs" line-rate="0" name="src.statistics.stats.rs">
                    <methods>
                        <method name="&lt;catapult::statistics::stats::Stats&gt;::bump_edges" signature="" complexity="0" line-rate="0" branch-rate="0">
                            <lines>
                                <line hits="0" number="21" branch="false"/>
                            </lines>
                        </method>
                        <method name="&lt;catapult::statistics::stats::Stats&gt;::get_beam_calls" signature="" complexity="0" line-rate="0" branch-rate="0">
                            <lines>
                                <line hits="0" number="25" branch="false"/>
                            </lines>
                        </method>
                        <method name="&lt;catapult::statistics::stats::Stats&gt;::bump_beam_calls" signature="" complexity="0" line-rate="0" branch-rate="0">
                            <lines>
                                <line hits="0" number="15" branch="false"/>
                            </lines>
                        </method>
                        <method name="&lt;catapult::statistics::stats::Stats&gt;::get_nodes_queried" signature="" complexity="0" line-rate="0" branch-rate="0">
                            <lines>
                                <line hits="0" number="29" branch="false"/>
                            </lines>
                        </method>
                        <method name="&lt;catapult::statistics::stats::Stats&gt;::new" signature="" complexity="0" line-rate="0" branch-rate="0">
                            <lines>
                                <line hits="0" number="7" branch="false"/>
                            </lines>
                        </method>
                        <method name="&lt;catapult::statistics::stats::Stats&gt;::dump" signature="" complexity="0" line-rate="0" branch-rate="0">
                            <lines>
                                <line hits="0" number="35" branch="false"/>
                            </lines>
                        </method>
                        <method name="&lt;catapult::statistics::stats::Stats as core::default::Default&gt;::default" signature="" complexity="0" line-rate="0" branch-rate="0">
                            <lines>
                                <line hits="0" number="46" branch="false"/>
                            </lines>
                        </method>
                    </methods>
                    <lines>
                        <line branch="false" hits="0" number="7"/>
                        <line branch="false" hits="0" number="8"/>
                        <line branch="false" hits="0" number="9"/>
                        <line branch="false" hits="0" number="10"/>
                        <line branch="false" hits="0" number="11"/>
                        <line branch="false" hits="0" number="12"/>
                        <line branch="false" hits="0" number="15"/>
                        <line branch="false" hits="0" number="16"/>
                        <line branch="false" hits="0" number="17"/>
                        <line branch="false" hits="0" number="21"/>
                        <line branch="false" hits="0" number="22"/>
                        <line branch="false" hits="0" number="23"/>
                        <line branch="false" hits="0" number="25"/>
                        <line branch="false" hits="0" number="26"/>
                        <line branch="false" hits="0" number="27"/>
                        <line branch="false" hits="0" number="29"/>
                        <line branch="false" hits="0" number="30"/>
                        <line branch="false" hits="0" number="31"/>
                        <line branch="false" hits="0" number="35"/>
                        <line branch="false" hits="0" number="36"/>
                        <line branch="false" hits="0" number="37"/>
                        <line branch="false" hits="0" number="38"/>
                        <line branch="false" hits="0" number="39"/>
                        <line branch="false" hits="0" number="40"/>
                        <line branch="false" hits="0" number="41"/>
                        <line branch="false" hits="0" number="42"/>
                        <line branch="false" hits="0" number="46"/>
                        <line branch="false" hits="0" number="47"/>
                        <line branch="false" hits="0" number="48"/>
                    </lines>
                </class>
            </classes>
        </package>
        <package line-rate="0.958904109589041" branch-rate="0" name="src.search.hash_start" complexity="0">
            <classes>
                <class branch-rate="0" complexity="0" filename="src/search/hash_start/hasher.rs" line-rate="0.9666666666666667" name="src.search.hash_start.hasher.rs">
                    <methods>
                        <method name="&lt;catapult::search::hash_start::hasher::SimilarityHasher&gt;::with_rng::&lt;rand::rngs::std::StdRng&gt;" signature="" complexity="0" line-rate="1" branch-rate="1">
                            <lines>
                                <line hits="10" number="28" branch="false"/>
                            </lines>
                        </method>
                        <method name="&lt;catapult::search::hash_start::hasher::SimilarityHasher&gt;::with_rng::&lt;rand::rngs::thread::ThreadRng&gt;" signature="" complexity="0" line-rate="1" branch-rate="1">
                            <lines>
                                <line hits="1" number="28" branch="false"/>
                            </lines>
                        </method>
                        <method name="&lt;catapult::search::hash_start::hasher::SimilarityHasher&gt;::with_rng::&lt;rand::rngs::std::StdRng&gt;::{closure#0}" signature="" complexity="0" line-rate="1" branch-rate="1">
                            <lines>
                                <line hits="124" number="36" branch="false"/>
                            </lines>
                        </method>
                        <method name="&lt;catapult::search::hash_start::hasher::SimilarityHasher&gt;::with_rng::&lt;rand::rngs::thread::ThreadRng&gt;::{closure#0}" signature="" complexity="0" line-rate="1" branch-rate="1">
                            <lines>
                                <line hits="16" number="36" branch="false"/>
                            </lines>
                        </method>
                        <method name="&lt;catapult::search::hash_start::hasher::SimilarityHasher&gt;::with_rng::&lt;rand::rngs::std::StdRng&gt;::{closure#0}::{closure#0}" signature="" complexity="0" line-rate="1" branch-rate="1">
                            <lines>
                                <line hits="172" number="38" branch="false"/>
                            </lines>
                        </method>
                        <method name="&lt;catapult::search::hash_start::hasher::SimilarityHasher&gt;::with_rng::&lt;rand::rngs::thread::ThreadRng&gt;::{closure#0}::{closure#0}" signature="" complexity="0" line-rate="1" branch-rate="1">
                            <lines>
                                <line hits="32" number="38" branch="false"/>
                            </lines>
                        </method>
                        <method name="&lt;catapult::search::hash_start::hasher::SimilarityHasher&gt;::hash::{closure#0}" signature="" complexity="0" line-rate="1" branch-rate="1">
                            <lines>
                                <line hits="98" number="64" branch="false"/>
                            </lines>
                        </method>
                        <method name="catapult::search::hash_start::hasher::tests::test_hash_difference_on_orthogonal_vectors::{closure#0}" signature="" complexity="0" line-rate="1" branch-rate="1">
                            <lines>
                                <line hits="32" number="137" branch="false"/>
                            </lines>
                        </method>
                        <method name="&lt;catapult::search::hash_start::hasher::SimilarityHasher&gt;::new_seeded" signature="" complexity="0" line-rate="1" branch-rate="1">
                            <lines>
                                <line hits="9" number="23" branch="false"/>
                            </lines>
                        </method>
                        <method name="&lt;catapult::search::hash_start::hasher::SimilarityHasher&gt;::new" signature="" complexity="0" line-rate="1" branch-rate="1">
                            <lines>
                                <line hits="1" number="16" branch="false"/>
                            </lines>
                        </method>
                        <method name="&lt;catapult::search::hash_start::hasher::SimilarityHasher&gt;::hash" signature="" complexity="0" line-rate="1" branch-rate="1">
                            <lines>
                                <line hits="5" number="57" branch="false"/>
                            </lines>
                        </method>
                        <method name="&lt;catapult::search::hash_start::hasher::SimilarityHasher&gt;::hash_int" signature="" complexity="0" line-rate="1" branch-rate="1">
                            <lines>
                                <line hits="3" number="71" branch="false"/>
                            </lines>
                        </method>
                        <method name="catapult::search::hash_start::hasher::tests::test_hash_dot_sign_behavior" signature="" complexity="0" line-rate="1" branch-rate="1">
                            <lines>
                                <line hits="1" number="145" branch="false"/>
                            </lines>
                        </method>
                        <method name="catapult::search::hash_start::hasher::tests::test_new_seeded_determinism" signature="" complexity="0" line-rate="1" branch-rate="1">
                            <lines>
                                <line hits="1" number="93" branch="false"/>
                            </lines>
                        </method>
                        <method name="catapult::search::hash_start::hasher::tests::test_hash_consistency_same_input" signature="" complexity="0" line-rate="1" branch-rate="1">
                            <lines>
                                <line hits="1" number="118" branch="false"/>
                            </lines>
                        </method>
                        <method name="catapult::search::hash_start::hasher::tests::test_hash_seeded_matches_with_rng" signature="" complexity="0" line-rate="1" branch-rate="1">
                            <lines>
                                <line hits="1" number="109" branch="false"/>
                            </lines>
                        </method>
                        <method name="catapult::search::hash_start::hasher::tests::test_new_and_new_seeded_difference" signature="" complexity="0" line-rate="1" branch-rate="1">
                            <lines>
                                <line hits="1" number="101" branch="false"/>
                            </lines>
                        </method>
                        <method name="catapult::search::hash_start::hasher::tests::test_hash_difference_on_orthogonal_vectors" signature="" complexity="0" line-rate="1" branch-rate="1">
                            <lines>
                                <line hits="1" number="127" branch="false"/>
                            </lines>
                        </method>
                    </methods>
                    <lines>
                        <line branch="false" hits="1" number="16"/>
                        <line branch="false" hits="1" number="17"/>
                        <line branch="false" hits="1" number="18"/>
                        <line branch="false" hits="1" number="19"/>
                        <line branch="false" hits="9" number="23"/>
                        <line branch="false" hits="9" number="24"/>
                        <line branch="false" hits="9" number="25"/>
                        <line branch="false" hits="9" number="26"/>
                        <line branch="false" hits="11" number="28"/>
                        <line branch="false" hits="11" number="29"/>
                        <line branch="false" hits="11" number="30"/>
                        <line branch="false" hits="0" number="31"/>
                        <line branch="false" hits="11" number="34"/>
                        <line branch="false" hits="11" number="35"/>
                        <line branch="false" hits="140" number="36"/>
                        <line branch="false" hits="140" number="37"/>
                        <line branch="false" hits="204" number="38"/>
                        <line branch="false" hits="204" number="39"/>
                        <line branch="false" hits="3264" number="40"/>
                        <line branch="false" hits="3264" number="41"/>
                        <line branch="false" hits="3264" number="42"/>
                        <line branch="false" hits="204" number="43"/>
                        <line branch="false" hits="204" number="44"/>
                        <line branch="false" hits="140" number="45"/>
                        <line branch="false" hits="140" number="46"/>
                        <line branch="false" hits="11" number="47"/>
                        <line branch="false" hits="11" number="48"/>
                        <line branch="false" hits="11" number="49"/>
                        <line branch="false" hits="11" number="50"/>
                        <line branch="false" hits="11" number="51"/>
                        <line branch="false" hits="11" number="52"/>
                        <line branch="false" hits="11" number="53"/>
                        <line branch="false" hits="5" number="57"/>
                        <line branch="false" hits="5" number="58"/>
                        <line branch="false" hits="5" number="59"/>
                        <line branch="false" hits="0" number="60"/>
                        <line branch="false" hits="5" number="62"/>
                        <line branch="false" hits="5" number="63"/>
                        <line branch="false" hits="98" number="64"/>
                        <line branch="false" hits="98" number="65"/>
                        <line branch="false" hits="98" number="66"/>
                        <line branch="false" hits="98" number="67"/>
                        <line branch="false" hits="5" number="68"/>
                        <line branch="false" hits="5" number="69"/>
                        <line branch="false" hits="3" number="71"/>
                        <line branch="false" hits="3" number="72"/>
                        <line branch="false" hits="3" number="73"/>
                        <line branch="false" hits="3" number="74"/>
                        <line branch="false" hits="0" number="75"/>
                        <line branch="false" hits="3" number="77"/>
                        <line branch="false" hits="3" number="79"/>
                        <line branch="false" hits="12" number="80"/>
                        <line branch="false" hits="12" number="81"/>
                        <line branch="false" hits="12" number="82"/>
                        <line branch="false" hits="3" number="84"/>
                        <line branch="false" hits="3" number="85"/>
                        <line branch="false" hits="1" number="93"/>
                        <line branch="false" hits="1" number="94"/>
                        <line branch="false" hits="1" number="95"/>
                        <line branch="false" hits="1" number="96"/>
                        <line branch="false" hits="1" number="97"/>
                        <line branch="false" hits="1" number="98"/>
                        <line branch="false" hits="1" number="101"/>
                        <line branch="false" hits="1" number="102"/>
                        <line branch="false" hits="1" number="103"/>
                        <line branch="false" hits="1" number="104"/>
                        <line branch="false" hits="1" number="105"/>
                        <line branch="false" hits="1" number="106"/>
                        <line branch="false" hits="1" number="109"/>
                        <line branch="false" hits="1" number="110"/>
                        <line branch="false" hits="1" number="111"/>
                        <line branch="false" hits="1" number="112"/>
                        <line branch="false" hits="1" number="113"/>
                        <line branch="false" hits="1" number="114"/>
                        <line branch="false" hits="1" number="115"/>
                        <line branch="false" hits="1" number="118"/>
                        <line branch="false" hits="1" number="119"/>
                        <line branch="false" hits="1" number="120"/>
                        <line branch="false" hits="1" number="121"/>
                        <line branch="false" hits="1" number="122"/>
                        <line branch="false" hits="1" number="123"/>
                        <line branch="false" hits="1" number="124"/>
                        <line branch="false" hits="1" number="127"/>
                        <line branch="false" hits="1" number="128"/>
                        <line branch="false" hits="1" number="129"/>
                        <line branch="false" hits="1" number="130"/>
                        <line branch="false" hits="1" number="131"/>
                        <line branch="false" hits="1" number="132"/>
                        <line branch="false" hits="1" number="133"/>
                        <line branch="false" hits="1" number="134"/>
                        <line branch="false" hits="1" number="135"/>
                        <line branch="false" hits="1" number="136"/>
                        <line branch="false" hits="32" number="137"/>
                        <line branch="false" hits="1" number="138"/>
                        <line branch="false" hits="1" number="139"/>
                        <line branch="false" hits="0" number="140"/>
                        <line branch="false" hits="1" number="142"/>
                        <line branch="false" hits="1" number="145"/>
                        <line branch="false" hits="1" number="146"/>
                        <line branch="false" hits="1" number="147"/>
                        <line branch="false" hits="1" number="148"/>
                        <line branch="false" hits="1" number="149"/>
                        <line branch="false" hits="1" number="150"/>
                        <line branch="false" hits="1" number="151"/>
                        <line branch="false" hits="1" number="152"/>
                        <line branch="false" hits="1" number="153"/>
                        <line branch="false" hits="1" number="154"/>
                        <line branch="false" hits="1" number="155"/>
                        <line branch="false" hits="1" number="156"/>
                        <line branch="false" hits="1" number="157"/>
                        <line branch="false" hits="1" number="158"/>
                        <line branch="false" hits="1" number="159"/>
                        <line branch="false" hits="1" number="160"/>
                        <line branch="false" hits="1" number="161"/>
                        <line branch="false" hits="1" number="162"/>
                        <line branch="false" hits="1" number="163"/>
                        <line branch="false" hits="1" number="164"/>
                        <line branch="false" hits="1" number="165"/>
                        <line branch="false" hits="1" number="166"/>
                        <line branch="false" hits="1" number="167"/>
                    </lines>
                </class>
                <class branch-rate="0" complexity="0" filename="src/search/hash_start/engine_starter.rs" line-rate="0.9230769230769231" name="src.search.hash_start.engine_starter.rs">
                    <methods>
                        <method name="&lt;catapult::search::hash_start::engine_starter::EngineStarter&gt;::select_starting_points" signature="" complexity="0" line-rate="1" branch-rate="1">
                            <lines>
                                <line hits="3" number="28" branch="false"/>
                            </lines>
                        </method>
                        <method name="&lt;catapult::search::hash_start::engine_starter::EngineStarter&gt;::new" signature="" complexity="0" line-rate="1" branch-rate="1">
                            <lines>
                                <line hits="3" number="14" branch="false"/>
                            </lines>
                        </method>
                    </methods>
                    <lines>
                        <line branch="false" hits="3" number="14"/>
                        <line branch="false" hits="3" number="15"/>
                        <line branch="false" hits="3" number="16"/>
                        <line branch="false" hits="0" number="18"/>
                        <line branch="false" hits="3" number="21"/>
                        <line branch="false" hits="3" number="22"/>
                        <line branch="false" hits="3" number="23"/>
                        <line branch="false" hits="3" number="24"/>
                        <line branch="false" hits="3" number="25"/>
                        <line branch="false" hits="3" number="26"/>
                        <line branch="false" hits="3" number="28"/>
                        <line branch="false" hits="3" number="29"/>
                        <line branch="false" hits="3" number="30"/>
                        <line branch="false" hits="0" number="31"/>
                        <line branch="false" hits="3" number="33"/>
                        <line branch="false" hits="3" number="34"/>
                        <line branch="false" hits="3" number="35"/>
                        <line branch="false" hits="3" number="36"/>
                        <line branch="false" hits="3" number="37"/>
                        <line branch="false" hits="3" number="38"/>
                        <line branch="false" hits="3" number="39"/>
                        <line branch="false" hits="3" number="40"/>
                        <line branch="false" hits="3" number="41"/>
                        <line branch="false" hits="3" number="42"/>
                        <line branch="false" hits="3" number="43"/>
                        <line branch="false" hits="3" number="45"/>
                    </lines>
                </class>
            </classes>
        </package>
        <package line-rate="0.7748538011695907" branch-rate="0" name="src.search" complexity="0">
            <classes>
                <class branch-rate="0" complexity="0" filename="src/search/adjacency_graph.rs" line-rate="0.809375" name="src.search.adjacency_graph.rs">
                    <methods>
                        <method name="&lt;catapult::search::adjacency_graph::AdjacencyGraph&lt;catapult::sets::catapults::unbounded_set::UnboundedNeighborSet, catapult::search::graph_hierarchy::FlatSearch&gt;&gt;::beam_search_raw::{closure#0}" signature="" complexity="0" line-rate="1" branch-rate="1">
                            <lines>
                                <line hits="3" number="118" branch="false"/>
                            </lines>
                        </method>
                        <method name="&lt;catapult::search::adjacency_graph::AdjacencyGraph&lt;catapult::sets::catapults::unbounded_set::UnboundedNeighborSet, catapult::search::graph_hierarchy::FlatSearch&gt;&gt;::beam_search_raw::{closure#2}" signature="" complexity="0" line-rate="1" branch-rate="1">
                            <lines>
                                <line hits="4" number="148" branch="false"/>
                            </lines>
                        </method>
                        <method name="&lt;catapult::search::adjacency_graph::AdjacencyGraph&lt;catapult::sets::catapults::unbounded_set::UnboundedNeighborSet, catapult::search::graph_hierarchy::FlatSearch&gt;&gt;::beam_search_raw::{closure#3}" signature="" complexity="0" line-rate="1" branch-rate="1">
                            <lines>
                                <line hits="5" number="165" branch="false"/>
                            </lines>
                        </method>
                        <method name="&lt;catapult::search::adjacency_graph::AdjacencyGraph&lt;catapult::sets::catapults::unbounded_set::UnboundedNeighborSet, catapult::search::graph_hierarchy::FlatSearch&gt;&gt;::beam_search_raw::{closure#1}" signature="" complexity="0" line-rate="1" branch-rate="1">
                            <lines>
                                <line hits="19" number="146" branch="false"/>
                            </lines>
                        </method>
                        <method name="&lt;catapult::search::adjacency_graph::AdjacencyGraph&lt;catapult::sets::catapults::unbounded_set::UnboundedNeighborSet, catapult::search::graph_hierarchy::FlatSearch&gt;&gt;::distances_from_indices::{closure#0}" signature="" complexity="0" line-rate="1" branch-rate="1">
                            <lines>
                                <line hits="12" number="62" branch="false"/>
                            </lines>
                        </method>
                        <method name="catapult::search::adjacency_graph::tests::test_basic_search_path::{closure#0}" signature="" complexity="0" line-rate="1" branch-rate="1">
                            <lines>
                                <line hits="5" number="345" branch="false"/>
                            </lines>
                        </method>
                        <method name="catapult::search::adjacency_graph::tests::test_basic_search_path::{closure#1}" signature="" complexity="0" line-rate="1" branch-rate="1">
                            <lines>
                                <line hits="5" number="355" branch="false"/>
                            </lines>
                        </method>
                        <method name="catapult::search::adjacency_graph::tests::test_complex_search_divergence::{closure#0}" signature="" complexity="0" line-rate="1" branch-rate="1">
                            <lines>
                                <line hits="6" number="461" branch="false"/>
                            </lines>
                        </method>
                        <method name="catapult::search::adjacency_graph::tests::test_complex_search_divergence::{closure#1}" signature="" complexity="0" line-rate="1" branch-rate="1">
                            <lines>
                                <line hits="6" number="462" branch="false"/>
                            </lines>
                        </method>
                        <method name="&lt;catapult::search::adjacency_graph::AdjacencyGraph&lt;catapult::sets::catapults::unbounded_set::UnboundedNeighborSet, catapult::search::graph_hierarchy::FlatSearch&gt;&gt;::beam_search_raw" signature="" complexity="0" line-rate="1" branch-rate="1">
                            <lines>
                                <line hits="3" number="98" branch="false"/>
                            </lines>
                        </method>
                        <method name="&lt;catapult::search::adjacency_graph::AdjacencyGraph&lt;catapult::sets::catapults::unbounded_set::UnboundedNeighborSet, catapult::search::graph_hierarchy::FlatSearch&gt;&gt;::distances_from_indices" signature="" complexity="0" line-rate="1" branch-rate="1">
                            <lines>
                                <line hits="17" number="55" branch="false"/>
                            </lines>
                        </method>
                        <method name="&lt;catapult::search::adjacency_graph::AdjacencyGraph&lt;catapult::sets::catapults::unbounded_set::UnboundedNeighborSet, catapult::search::graph_hierarchy::FlatSearch&gt;&gt;::new" signature="" complexity="0" line-rate="1" branch-rate="1">
                            <lines>
                                <line hits="3" number="43" branch="false"/>
                            </lines>
                        </method>
                        <method name="&lt;catapult::search::adjacency_graph::AdjacencyGraph&lt;_, catapult::search::graph_hierarchy::HNSWSearch&gt;&gt;::beam_search" signature="" complexity="0" line-rate="0" branch-rate="0">
                            <lines>
                                <line hits="0" number="183" branch="false"/>
                            </lines>
                        </method>
                        <method name="&lt;catapult::search::adjacency_graph::AdjacencyGraph&lt;_, catapult::search::graph_hierarchy::HNSWSearch&gt;&gt;::try_catapulting_beam" signature="" complexity="0" line-rate="0" branch-rate="0">
                            <lines>
                                <line hits="0" number="209" branch="false"/>
                            </lines>
                        </method>
                        <method name="&lt;catapult::search::adjacency_graph::AdjacencyGraph&lt;catapult::sets::catapults::unbounded_set::UnboundedNeighborSet, catapult::search::graph_hierarchy::FlatSearch&gt;&gt;::beam_search" signature="" complexity="0" line-rate="1" branch-rate="1">
                            <lines>
                                <line hits="3" number="173" branch="false"/>
                            </lines>
                        </method>
                        <method name="catapult::search::adjacency_graph::tests::setup_simple_graph" signature="" complexity="0" line-rate="1" branch-rate="1">
                            <lines>
                                <line hits="1" number="282" branch="false"/>
                            </lines>
                        </method>
                        <method name="catapult::search::adjacency_graph::tests::test_basic_search_path" signature="" complexity="0" line-rate="1" branch-rate="1">
                            <lines>
                                <line hits="1" number="324" branch="false"/>
                            </lines>
                        </method>
                        <method name="catapult::search::adjacency_graph::tests::test_multiple_starting_points" signature="" complexity="0" line-rate="1" branch-rate="1">
                            <lines>
                                <line hits="1" number="362" branch="false"/>
                            </lines>
                        </method>
                        <method name="catapult::search::adjacency_graph::tests::test_complex_search_divergence" signature="" complexity="0" line-rate="1" branch-rate="1">
                            <lines>
                                <line hits="1" number="401" branch="false"/>
                            </lines>
                        </method>
                    </methods>
                    <lines>
                        <line branch="false" hits="3" number="43"/>
                        <line branch="false" hits="3" number="44"/>
                        <line branch="false" hits="3" number="45"/>
                        <line branch="false" hits="3" number="46"/>
                        <line branch="false" hits="3" number="47"/>
                        <line branch="false" hits="3" number="48"/>
                        <line branch="false" hits="3" number="49"/>
                        <line branch="false" hits="3" number="50"/>
                        <line branch="false" hits="3" number="51"/>
                        <line branch="false" hits="3" number="52"/>
                        <line branch="false" hits="3" number="53"/>
                        <line branch="false" hits="17" number="55"/>
                        <line branch="false" hits="17" number="56"/>
                        <line branch="false" hits="17" number="57"/>
                        <line branch="false" hits="17" number="58"/>
                        <line branch="false" hits="17" number="59"/>
                        <line branch="false" hits="17" number="60"/>
                        <line branch="false" hits="17" number="61"/>
                        <line branch="false" hits="17" number="62"/>
                        <line branch="false" hits="12" number="63"/>
                        <line branch="false" hits="12" number="64"/>
                        <line branch="false" hits="12" number="65"/>
                        <line branch="false" hits="12" number="66"/>
                        <line branch="false" hits="12" number="67"/>
                        <line branch="false" hits="12" number="68"/>
                        <line branch="false" hits="12" number="69"/>
                        <line branch="false" hits="12" number="70"/>
                        <line branch="false" hits="17" number="71"/>
                        <line branch="false" hits="17" number="72"/>
                        <line branch="false" hits="3" number="98"/>
                        <line branch="false" hits="3" number="99"/>
                        <line branch="false" hits="3" number="100"/>
                        <line branch="false" hits="3" number="101"/>
                        <line branch="false" hits="3" number="102"/>
                        <line branch="false" hits="3" number="103"/>
                        <line branch="false" hits="3" number="104"/>
                        <line branch="false" hits="3" number="105"/>
                        <line branch="false" hits="3" number="106"/>
                        <line branch="false" hits="3" number="108"/>
                        <line branch="false" hits="3" number="109"/>
                        <line branch="false" hits="3" number="110"/>
                        <line branch="false" hits="3" number="111"/>
                        <line branch="false" hits="3" number="112"/>
                        <line branch="false" hits="3" number="113"/>
                        <line branch="false" hits="3" number="114"/>
                        <line branch="false" hits="3" number="115"/>
                        <line branch="false" hits="3" number="116"/>
                        <line branch="false" hits="3" number="117"/>
                        <line branch="false" hits="3" number="118"/>
                        <line branch="false" hits="3" number="119"/>
                        <line branch="false" hits="3" number="120"/>
                        <line branch="false" hits="3" number="121"/>
                        <line branch="false" hits="10" number="125"/>
                        <line branch="false" hits="7" number="126"/>
                        <line branch="false" hits="7" number="127"/>
                        <line branch="false" hits="7" number="128"/>
                        <line branch="false" hits="7" number="129"/>
                        <line branch="false" hits="7" number="130"/>
                        <line branch="false" hits="7" number="131"/>
                        <line branch="false" hits="7" number="132"/>
                        <line branch="false" hits="7" number="133"/>
                        <line branch="false" hits="7" number="134"/>
                        <line branch="false" hits="7" number="135"/>
                        <line branch="false" hits="7" number="136"/>
                        <line branch="false" hits="7" number="137"/>
                        <line branch="false" hits="7" number="138"/>
                        <line branch="false" hits="7" number="141"/>
                        <line branch="false" hits="7" number="142"/>
                        <line branch="false" hits="7" number="143"/>
                        <line branch="false" hits="7" number="144"/>
                        <line branch="false" hits="7" number="145"/>
                        <line branch="false" hits="19" number="146"/>
                        <line branch="false" hits="7" number="147"/>
                        <line branch="false" hits="7" number="148"/>
                        <line branch="false" hits="3" number="152"/>
                        <line branch="false" hits="3" number="153"/>
                        <line branch="false" hits="3" number="154"/>
                        <line branch="false" hits="3" number="155"/>
                        <line branch="false" hits="3" number="156"/>
                        <line branch="false" hits="3" number="157"/>
                        <line branch="false" hits="3" number="158"/>
                        <line branch="false" hits="3" number="159"/>
                        <line branch="false" hits="3" number="160"/>
                        <line branch="false" hits="3" number="161"/>
                        <line branch="false" hits="3" number="162"/>
                        <line branch="false" hits="5" number="165"/>
                        <line branch="false" hits="3" number="166"/>
                        <line branch="false" hits="3" number="173"/>
                        <line branch="false" hits="3" number="174"/>
                        <line branch="false" hits="3" number="175"/>
                        <line branch="false" hits="3" number="176"/>
                        <line branch="false" hits="0" number="183"/>
                        <line branch="false" hits="0" number="184"/>
                        <line branch="false" hits="0" number="188"/>
                        <line branch="false" hits="0" number="189"/>
                        <line branch="false" hits="0" number="190"/>
                        <line branch="false" hits="0" number="193"/>
                        <line branch="false" hits="0" number="195"/>
                        <line branch="false" hits="0" number="199"/>
                        <line branch="false" hits="0" number="201"/>
                        <line branch="false" hits="0" number="204"/>
                        <line branch="false" hits="0" number="205"/>
                        <line branch="false" hits="0" number="206"/>
                        <line branch="false" hits="0" number="207"/>
                        <line branch="false" hits="0" number="209"/>
                        <line branch="false" hits="0" number="210"/>
                        <line branch="false" hits="0" number="211"/>
                        <line branch="false" hits="0" number="212"/>
                        <line branch="false" hits="0" number="213"/>
                        <line branch="false" hits="0" number="214"/>
                        <line branch="false" hits="0" number="215"/>
                        <line branch="false" hits="0" number="216"/>
                        <line branch="false" hits="0" number="217"/>
                        <line branch="false" hits="0" number="218"/>
                        <line branch="false" hits="0" number="219"/>
                        <line branch="false" hits="0" number="220"/>
                        <line branch="false" hits="0" number="221"/>
                        <line branch="false" hits="0" number="222"/>
                        <line branch="false" hits="0" number="223"/>
                        <line branch="false" hits="0" number="224"/>
                        <line branch="false" hits="0" number="225"/>
                        <line branch="false" hits="0" number="226"/>
                        <line branch="false" hits="0" number="227"/>
                        <line branch="false" hits="0" number="228"/>
                        <line branch="false" hits="0" number="229"/>
                        <line branch="false" hits="0" number="230"/>
                        <line branch="false" hits="0" number="231"/>
                        <line branch="false" hits="0" number="232"/>
                        <line branch="false" hits="0" number="233"/>
                        <line branch="false" hits="0" number="234"/>
                        <line branch="false" hits="0" number="235"/>
                        <line branch="false" hits="0" number="236"/>
                        <line branch="false" hits="0" number="237"/>
                        <line branch="false" hits="0" number="238"/>
                        <line branch="false" hits="0" number="239"/>
                        <line branch="false" hits="0" number="240"/>
                        <line branch="false" hits="0" number="241"/>
                        <line branch="false" hits="0" number="242"/>
                        <line branch="false" hits="0" number="243"/>
                        <line branch="false" hits="0" number="244"/>
                        <line branch="false" hits="0" number="245"/>
                        <line branch="false" hits="0" number="246"/>
                        <line branch="false" hits="0" number="247"/>
                        <line branch="false" hits="0" number="248"/>
                        <line branch="false" hits="0" number="249"/>
                        <line branch="false" hits="0" number="250"/>
                        <line branch="false" hits="0" number="253"/>
                        <line branch="false" hits="0" number="254"/>
                        <line branch="false" hits="0" number="256"/>
                        <line branch="false" hits="0" number="257"/>
                        <line branch="false" hits="0" number="259"/>
                        <line branch="false" hits="0" number="261"/>
                        <line branch="false" hits="1" number="282"/>
                        <line branch="false" hits="1" number="283"/>
                        <line branch="false" hits="1" number="284"/>
                        <line branch="false" hits="1" number="285"/>
                        <line branch="false" hits="1" number="286"/>
                        <line branch="false" hits="1" number="287"/>
                        <line branch="false" hits="1" number="288"/>
                        <line branch="false" hits="1" number="289"/>
                        <line branch="false" hits="1" number="290"/>
                        <line branch="false" hits="1" number="291"/>
                        <line branch="false" hits="1" number="292"/>
                        <line branch="false" hits="1" number="293"/>
                        <line branch="false" hits="1" number="294"/>
                        <line branch="false" hits="1" number="295"/>
                        <line branch="false" hits="1" number="296"/>
                        <line branch="false" hits="1" number="297"/>
                        <line branch="false" hits="1" number="298"/>
                        <line branch="false" hits="1" number="299"/>
                        <line branch="false" hits="1" number="300"/>
                        <line branch="false" hits="1" number="301"/>
                        <line branch="false" hits="1" number="302"/>
                        <line branch="false" hits="1" number="303"/>
                        <line branch="false" hits="1" number="304"/>
                        <line branch="false" hits="1" number="305"/>
                        <line branch="false" hits="1" number="306"/>
                        <line branch="false" hits="1" number="307"/>
                        <line branch="false" hits="1" number="308"/>
                        <line branch="false" hits="1" number="309"/>
                        <line branch="false" hits="1" number="310"/>
                        <line branch="false" hits="1" number="311"/>
                        <line branch="false" hits="1" number="312"/>
                        <line branch="false" hits="1" number="313"/>
                        <line branch="false" hits="1" number="314"/>
                        <line branch="false" hits="1" number="315"/>
                        <line branch="false" hits="1" number="316"/>
                        <line branch="false" hits="1" number="317"/>
                        <line branch="false" hits="1" number="318"/>
                        <line branch="false" hits="1" number="319"/>
                        <line branch="false" hits="1" number="320"/>
                        <line branch="false" hits="1" number="321"/>
                        <line branch="false" hits="1" number="324"/>
                        <line branch="false" hits="1" number="325"/>
                        <line branch="false" hits="1" number="326"/>
                        <line branch="false" hits="1" number="327"/>
                        <line branch="false" hits="1" number="328"/>
                        <line branch="false" hits="1" number="329"/>
                        <line branch="false" hits="1" number="330"/>
                        <line branch="false" hits="1" number="331"/>
                        <line branch="false" hits="1" number="332"/>
                        <line branch="false" hits="1" number="333"/>
                        <line branch="false" hits="1" number="334"/>
                        <line branch="false" hits="1" number="335"/>
                        <line branch="false" hits="1" number="336"/>
                        <line branch="false" hits="1" number="337"/>
                        <line branch="false" hits="1" number="338"/>
                        <line branch="false" hits="1" number="341"/>
                        <line branch="false" hits="1" number="342"/>
                        <line branch="false" hits="1" number="343"/>
                        <line branch="false" hits="1" number="344"/>
                        <line branch="false" hits="5" number="345"/>
                        <line branch="false" hits="5" number="346"/>
                        <line branch="false" hits="5" number="347"/>
                        <line branch="false" hits="1" number="348"/>
                        <line branch="false" hits="1" number="351"/>
                        <line branch="false" hits="1" number="352"/>
                        <line branch="false" hits="1" number="353"/>
                        <line branch="false" hits="1" number="354"/>
                        <line branch="false" hits="5" number="355"/>
                        <line branch="false" hits="1" number="356"/>
                        <line branch="false" hits="1" number="359"/>
                        <line branch="false" hits="1" number="362"/>
                        <line branch="false" hits="1" number="363"/>
                        <line branch="false" hits="1" number="364"/>
                        <line branch="false" hits="1" number="365"/>
                        <line branch="false" hits="1" number="366"/>
                        <line branch="false" hits="1" number="367"/>
                        <line branch="false" hits="1" number="368"/>
                        <line branch="false" hits="1" number="369"/>
                        <line branch="false" hits="1" number="370"/>
                        <line branch="false" hits="1" number="371"/>
                        <line branch="false" hits="1" number="372"/>
                        <line branch="false" hits="1" number="373"/>
                        <line branch="false" hits="1" number="374"/>
                        <line branch="false" hits="1" number="375"/>
                        <line branch="false" hits="1" number="376"/>
                        <line branch="false" hits="1" number="377"/>
                        <line branch="false" hits="1" number="378"/>
                        <line branch="false" hits="1" number="379"/>
                        <line branch="false" hits="1" number="380"/>
                        <line branch="false" hits="1" number="381"/>
                        <line branch="false" hits="1" number="382"/>
                        <line branch="false" hits="1" number="383"/>
                        <line branch="false" hits="1" number="384"/>
                        <line branch="false" hits="1" number="385"/>
                        <line branch="false" hits="1" number="386"/>
                        <line branch="false" hits="1" number="387"/>
                        <line branch="false" hits="1" number="388"/>
                        <line branch="false" hits="1" number="389"/>
                        <line branch="false" hits="1" number="390"/>
                        <line branch="false" hits="1" number="391"/>
                        <line branch="false" hits="1" number="392"/>
                        <line branch="false" hits="1" number="393"/>
                        <line branch="false" hits="1" number="394"/>
                        <line branch="false" hits="1" number="395"/>
                        <line branch="false" hits="1" number="396"/>
                        <line branch="false" hits="1" number="397"/>
                        <line branch="false" hits="1" number="398"/>
                        <line branch="false" hits="1" number="401"/>
                        <line branch="false" hits="1" number="402"/>
                        <line branch="false" hits="1" number="403"/>
                        <line branch="false" hits="1" number="404"/>
                        <line branch="false" hits="1" number="405"/>
                        <line branch="false" hits="1" number="406"/>
                        <line branch="false" hits="1" number="407"/>
                        <line branch="false" hits="1" number="408"/>
                        <line branch="false" hits="1" number="409"/>
                        <line branch="false" hits="1" number="410"/>
                        <line branch="false" hits="1" number="411"/>
                        <line branch="false" hits="1" number="412"/>
                        <line branch="false" hits="1" number="413"/>
                        <line branch="false" hits="1" number="414"/>
                        <line branch="false" hits="1" number="415"/>
                        <line branch="false" hits="1" number="416"/>
                        <line branch="false" hits="1" number="417"/>
                        <line branch="false" hits="1" number="418"/>
                        <line branch="false" hits="1" number="419"/>
                        <line branch="false" hits="1" number="420"/>
                        <line branch="false" hits="1" number="421"/>
                        <line branch="false" hits="1" number="422"/>
                        <line branch="false" hits="1" number="423"/>
                        <line branch="false" hits="1" number="424"/>
                        <line branch="false" hits="1" number="425"/>
                        <line branch="false" hits="1" number="426"/>
                        <line branch="false" hits="1" number="427"/>
                        <line branch="false" hits="1" number="428"/>
                        <line branch="false" hits="1" number="429"/>
                        <line branch="false" hits="1" number="430"/>
                        <line branch="false" hits="1" number="431"/>
                        <line branch="false" hits="1" number="432"/>
                        <line branch="false" hits="1" number="433"/>
                        <line branch="false" hits="1" number="434"/>
                        <line branch="false" hits="1" number="435"/>
                        <line branch="false" hits="1" number="436"/>
                        <line branch="false" hits="1" number="437"/>
                        <line branch="false" hits="1" number="438"/>
                        <line branch="false" hits="1" number="439"/>
                        <line branch="false" hits="1" number="440"/>
                        <line branch="false" hits="1" number="441"/>
                        <line branch="false" hits="1" number="442"/>
                        <line branch="false" hits="1" number="443"/>
                        <line branch="false" hits="1" number="444"/>
                        <line branch="false" hits="1" number="445"/>
                        <line branch="false" hits="1" number="446"/>
                        <line branch="false" hits="1" number="447"/>
                        <line branch="false" hits="1" number="448"/>
                        <line branch="false" hits="1" number="449"/>
                        <line branch="false" hits="1" number="450"/>
                        <line branch="false" hits="1" number="451"/>
                        <line branch="false" hits="1" number="452"/>
                        <line branch="false" hits="1" number="453"/>
                        <line branch="false" hits="1" number="454"/>
                        <line branch="false" hits="1" number="457"/>
                        <line branch="false" hits="1" number="458"/>
                        <line branch="false" hits="1" number="459"/>
                        <line branch="false" hits="1" number="460"/>
                        <line branch="false" hits="6" number="461"/>
                        <line branch="false" hits="6" number="462"/>
                        <line branch="false" hits="1" number="464"/>
                    </lines>
                </class>
                <class branch-rate="0" complexity="0" filename="src/search/graph_hierarchy.rs" line-rate="0.4" name="src.search.graph_hierarchy.rs">
                    <methods>
                        <method name="&lt;catapult::search::graph_hierarchy::HNSWEngineStarter&gt;::select_starting_points" signature="" complexity="0" line-rate="0" branch-rate="0">
                            <lines>
                                <line hits="0" number="50" branch="false"/>
                            </lines>
                        </method>
                        <method name="&lt;catapult::search::graph_hierarchy::FlatSearch as catapult::search::graph_hierarchy::GraphSearchAlgorithm&gt;::any_catapults_enabled" signature="" complexity="0" line-rate="1" branch-rate="1">
                            <lines>
                                <line hits="7" number="33" branch="false"/>
                            </lines>
                        </method>
                        <method name="&lt;catapult::search::graph_hierarchy::FlatSearch as catapult::search::graph_hierarchy::GraphSearchAlgorithm&gt;::local_catapults_enabled" signature="" complexity="0" line-rate="1" branch-rate="1">
                            <lines>
                                <line hits="3" number="29" branch="false"/>
                            </lines>
                        </method>
                        <method name="&lt;catapult::search::graph_hierarchy::HNSWSearch as catapult::search::graph_hierarchy::GraphSearchAlgorithm&gt;::any_catapults_enabled" signature="" complexity="0" line-rate="0" branch-rate="0">
                            <lines>
                                <line hits="0" number="72" branch="false"/>
                            </lines>
                        </method>
                        <method name="&lt;catapult::search::graph_hierarchy::HNSWSearch as catapult::search::graph_hierarchy::GraphSearchAlgorithm&gt;::local_catapults_enabled" signature="" complexity="0" line-rate="0" branch-rate="0">
                            <lines>
                                <line hits="0" number="68" branch="false"/>
                            </lines>
                        </method>
                    </methods>
                    <lines>
                        <line branch="false" hits="3" number="29"/>
                        <line branch="false" hits="3" number="30"/>
                        <line branch="false" hits="3" number="31"/>
                        <line branch="false" hits="7" number="33"/>
                        <line branch="false" hits="7" number="34"/>
                        <line branch="false" hits="7" number="35"/>
                        <line branch="false" hits="0" number="50"/>
                        <line branch="false" hits="0" number="51"/>
                        <line branch="false" hits="0" number="52"/>
                        <line branch="false" hits="0" number="68"/>
                        <line branch="false" hits="0" number="69"/>
                        <line branch="false" hits="0" number="70"/>
                        <line branch="false" hits="0" number="72"/>
                        <line branch="false" hits="0" number="73"/>
                        <line branch="false" hits="0" number="74"/>
                    </lines>
                </class>
                <class branch-rate="0" complexity="0" filename="src/search/node.rs" line-rate="0" name="src.search.node.rs">
                    <methods>
                        <method name="&lt;catapult::search::node::Node&lt;_, _&gt; as core::fmt::Debug&gt;::fmt" signature="" complexity="0" line-rate="0" branch-rate="0">
                            <lines>
                                <line hits="0" number="17" branch="false"/>
                            </lines>
                        </method>
                    </methods>
                    <lines>
                        <line branch="false" hits="0" number="17"/>
                        <line branch="false" hits="0" number="18"/>
                        <line branch="false" hits="0" number="19"/>
                        <line branch="false" hits="0" number="20"/>
                        <line branch="false" hits="0" number="21"/>
                        <line branch="false" hits="0" number="22"/>
                        <line branch="false" hits="0" number="23"/>
                    </lines>
                </class>
            </classes>
        </package>
        <package line-rate="0.18181818181818182" branch-rate="0" name="src.fs" complexity="0">
            <classes>
                <class branch-rate="0" complexity="0" filename="src/fs/adjacency_load.rs" line-rate="0" name="src.fs.adjacency_load.rs">
                    <methods>
                        <method name="&lt;catapult::search::adjacency_graph::AdjacencyGraph&lt;_, _&gt;&gt;::next_payload::&lt;_, _&gt;" signature="" complexity="0" line-rate="0" branch-rate="0">
                            <lines>
                                <line hits="0" number="79" branch="false"/>
                            </lines>
                        </method>
                        <method name="&lt;catapult::search::adjacency_graph::AdjacencyGraph&lt;_, _&gt;&gt;::load_from_path::&lt;_&gt;" signature="" complexity="0" line-rate="0" branch-rate="0">
                            <lines>
                                <line hits="0" number="100" branch="false"/>
                            </lines>
                        </method>
                        <method name="&lt;catapult::search::adjacency_graph::AdjacencyGraph&lt;_, _&gt;&gt;::next_f32::&lt;_, _&gt;" signature="" complexity="0" line-rate="0" branch-rate="0">
                            <lines>
                                <line hits="0" number="59" branch="false"/>
                            </lines>
                        </method>
                        <method name="&lt;catapult::search::adjacency_graph::AdjacencyGraph&lt;_, _&gt;&gt;::next_u32::&lt;_, _&gt;" signature="" complexity="0" line-rate="0" branch-rate="0">
                            <lines>
                                <line hits="0" number="17" branch="false"/>
                            </lines>
                        </method>
                        <method name="&lt;catapult::search::adjacency_graph::AdjacencyGraph&lt;_, _&gt;&gt;::next_u64::&lt;_, _&gt;" signature="" complexity="0" line-rate="0" branch-rate="0">
                            <lines>
                                <line hits="0" number="39" branch="false"/>
                            </lines>
                        </method>
                    </methods>
                    <lines>
                        <line branch="false" hits="0" number="17"/>
                        <line branch="false" hits="0" number="18"/>
                        <line branch="false" hits="0" number="19"/>
                        <line branch="false" hits="0" number="20"/>
                        <line branch="false" hits="0" number="21"/>
                        <line branch="false" hits="0" number="22"/>
                        <line branch="false" hits="0" number="23"/>
                        <line branch="false" hits="0" number="24"/>
                        <line branch="false" hits="0" number="25"/>
                        <line branch="false" hits="0" number="26"/>
                        <line branch="false" hits="0" number="30"/>
                        <line branch="false" hits="0" number="31"/>
                        <line branch="false" hits="0" number="33"/>
                        <line branch="false" hits="0" number="37"/>
                        <line branch="false" hits="0" number="39"/>
                        <line branch="false" hits="0" number="40"/>
                        <line branch="false" hits="0" number="41"/>
                        <line branch="false" hits="0" number="42"/>
                        <line branch="false" hits="0" number="43"/>
                        <line branch="false" hits="0" number="44"/>
                        <line branch="false" hits="0" number="45"/>
                        <line branch="false" hits="0" number="46"/>
                        <line branch="false" hits="0" number="47"/>
                        <line branch="false" hits="0" number="48"/>
                        <line branch="false" hits="0" number="52"/>
                        <line branch="false" hits="0" number="53"/>
                        <line branch="false" hits="0" number="55"/>
                        <line branch="false" hits="0" number="57"/>
                        <line branch="false" hits="0" number="59"/>
                        <line branch="false" hits="0" number="60"/>
                        <line branch="false" hits="0" number="61"/>
                        <line branch="false" hits="0" number="62"/>
                        <line branch="false" hits="0" number="63"/>
                        <line branch="false" hits="0" number="64"/>
                        <line branch="false" hits="0" number="65"/>
                        <line branch="false" hits="0" number="66"/>
                        <line branch="false" hits="0" number="67"/>
                        <line branch="false" hits="0" number="68"/>
                        <line branch="false" hits="0" number="72"/>
                        <line branch="false" hits="0" number="73"/>
                        <line branch="false" hits="0" number="75"/>
                        <line branch="false" hits="0" number="77"/>
                        <line branch="false" hits="0" number="79"/>
                        <line branch="false" hits="0" number="80"/>
                        <line branch="false" hits="0" number="81"/>
                        <line branch="false" hits="0" number="82"/>
                        <line branch="false" hits="0" number="83"/>
                        <line branch="false" hits="0" number="84"/>
                        <line branch="false" hits="0" number="85"/>
                        <line branch="false" hits="0" number="86"/>
                        <line branch="false" hits="0" number="88"/>
                        <line branch="false" hits="0" number="89"/>
                        <line branch="false" hits="0" number="90"/>
                        <line branch="false" hits="0" number="91"/>
                        <line branch="false" hits="0" number="92"/>
                        <line branch="false" hits="0" number="93"/>
                        <line branch="false" hits="0" number="95"/>
                        <line branch="false" hits="0" number="97"/>
                        <line branch="false" hits="0" number="98"/>
                        <line branch="false" hits="0" number="100"/>
                        <line branch="false" hits="0" number="101"/>
                        <line branch="false" hits="0" number="102"/>
                        <line branch="false" hits="0" number="103"/>
                        <line branch="false" hits="0" number="104"/>
                        <line branch="false" hits="0" number="105"/>
                        <line branch="false" hits="0" number="106"/>
                        <line branch="false" hits="0" number="107"/>
                        <line branch="false" hits="0" number="108"/>
                        <line branch="false" hits="0" number="109"/>
                        <line branch="false" hits="0" number="110"/>
                        <line branch="false" hits="0" number="111"/>
                        <line branch="false" hits="0" number="112"/>
                        <line branch="false" hits="0" number="113"/>
                        <line branch="false" hits="0" number="114"/>
                        <line branch="false" hits="0" number="115"/>
                        <line branch="false" hits="0" number="116"/>
                        <line branch="false" hits="0" number="117"/>
                        <line branch="false" hits="0" number="118"/>
                        <line branch="false" hits="0" number="119"/>
                        <line branch="false" hits="0" number="120"/>
                        <line branch="false" hits="0" number="121"/>
                        <line branch="false" hits="0" number="122"/>
                        <line branch="false" hits="0" number="123"/>
                        <line branch="false" hits="0" number="124"/>
                        <line branch="false" hits="0" number="125"/>
                        <line branch="false" hits="0" number="127"/>
                        <line branch="false" hits="0" number="128"/>
                        <line branch="false" hits="0" number="129"/>
                        <line branch="false" hits="0" number="130"/>
                        <line branch="false" hits="0" number="131"/>
                        <line branch="false" hits="0" number="132"/>
                        <line branch="false" hits="0" number="133"/>
                        <line branch="false" hits="0" number="134"/>
                        <line branch="false" hits="0" number="135"/>
                        <line branch="false" hits="0" number="136"/>
                        <line branch="false" hits="0" number="138"/>
                        <line branch="false" hits="0" number="139"/>
                        <line branch="false" hits="0" number="140"/>
                        <line branch="false" hits="0" number="141"/>
                        <line branch="false" hits="0" number="142"/>
                        <line branch="false" hits="0" number="143"/>
                        <line branch="false" hits="0" number="144"/>
                        <line branch="false" hits="0" number="145"/>
                        <line branch="false" hits="0" number="146"/>
                        <line branch="false" hits="0" number="150"/>
                        <line branch="false" hits="0" number="151"/>
                        <line branch="false" hits="0" number="153"/>
                        <line branch="false" hits="0" number="154"/>
                    </lines>
                </class>
                <class branch-rate="0" complexity="0" filename="src/fs/query_load.rs" line-rate="1" name="src.fs.query_load.rs">
                    <methods>
                        <method name="catapult::fs::query_load::tests::test_load_4vecs" signature="" complexity="0" line-rate="1" branch-rate="1">
[...]
                        <line branch="false" hits="22818" number="21"/>
                        <line branch="false" hits="22818" number="22"/>
                        <line branch="false" hits="22818" number="23"/>
                        <line branch="false" hits="0" number="27"/>
                        <line branch="false" hits="0" number="28"/>
                        <line branch="false" hits="0" number="29"/>
                        <line branch="false" hits="1" number="37"/>
                        <line branch="false" hits="1" number="38"/>
                        <line branch="false" hits="4097" number="39"/>
                        <line branch="false" hits="4096" number="40"/>
                        <line branch="false" hits="1" number="42"/>
                        <line branch="false" hits="1" number="45"/>
                        <line branch="false" hits="1" number="46"/>
                        <line branch="false" hits="1" number="47"/>
                        <line branch="false" hits="1" number="48"/>
                        <line branch="false" hits="1" number="49"/>
                        <line branch="false" hits="1" number="50"/>
                        <line branch="false" hits="1" number="51"/>
                        <line branch="false" hits="1" number="54"/>
                        <line branch="false" hits="1" number="55"/>
                        <line branch="false" hits="1" number="56"/>
                        <line branch="false" hits="1" number="57"/>
                        <line branch="false" hits="1" number="58"/>
                        <line branch="false" hits="9" number="60"/>
                        <line branch="false" hits="8" number="61"/>
                        <line branch="false" hits="8" number="62"/>
                        <line branch="false" hits="4097" number="66"/>
                        <line branch="false" hits="4096" number="67"/>
                        <line branch="false" hits="4096" number="68"/>
                        <line branch="false" hits="1" number="70"/>
                        <line branch="false" hits="1" number="73"/>
                        <line branch="false" hits="1" number="74"/>
                        <line branch="false" hits="1" number="75"/>
                        <line branch="false" hits="1" number="76"/>
                        <line branch="false" hits="1" number="77"/>
                        <line branch="false" hits="1" number="78"/>
                        <line branch="false" hits="1" number="81"/>
                        <line branch="false" hits="1" number="82"/>
                        <line branch="false" hits="1" number="83"/>
                        <line branch="false" hits="1" number="86"/>
                        <line branch="false" hits="1" number="87"/>
                        <line branch="false" hits="65" number="90"/>
                        <line branch="false" hits="64" number="91"/>
                        <line branch="false" hits="64" number="92"/>
                        <line branch="false" hits="65" number="95"/>
                        <line branch="false" hits="64" number="96"/>
                        <line branch="false" hits="4033" number="100"/>
                        <line branch="false" hits="4032" number="101"/>
                        <line branch="false" hits="1" number="103"/>
                        <line branch="false" hits="1" number="106"/>
                        <line branch="false" hits="1" number="107"/>
                        <line branch="false" hits="41" number="110"/>
                        <line branch="false" hits="41" number="111"/>
                        <line branch="false" hits="41" number="112"/>
                        <line branch="false" hits="4097" number="114"/>
                        <line branch="false" hits="4096" number="115"/>
                        <line branch="false" hits="4096" number="116"/>
                        <line branch="false" hits="1" number="118"/>
                        <line branch="false" hits="1" number="121"/>
                        <line branch="false" hits="1" number="122"/>
                        <line branch="false" hits="4097" number="124"/>
                        <line branch="false" hits="4096" number="125"/>
                        <line branch="false" hits="4096" number="126"/>
                        <line branch="false" hits="4097" number="128"/>
                        <line branch="false" hits="4096" number="129"/>
                        <line branch="false" hits="1" number="131"/>
                        <line branch="false" hits="1" number="134"/>
                        <line branch="false" hits="1" number="135"/>
                        <line branch="false" hits="1" number="136"/>
                        <line branch="false" hits="1" number="137"/>
                        <line branch="false" hits="1" number="138"/>
                        <line branch="false" hits="1" number="139"/>
                        <line branch="false" hits="1" number="140"/>
                        <line branch="false" hits="1" number="141"/>
                        <line branch="false" hits="1" number="144"/>
                        <line branch="false" hits="1" number="145"/>
                        <line branch="false" hits="65" number="148"/>
                        <line branch="false" hits="64" number="149"/>
                        <line branch="false" hits="64" number="150"/>
                        <line branch="false" hits="65" number="152"/>
                        <line branch="false" hits="64" number="153"/>
                        <line branch="false" hits="64" number="154"/>
                        <line branch="false" hits="64" number="155"/>
                        <line branch="false" hits="0" number="156"/>
                        <line branch="false" hits="64" number="161"/>
                        <line branch="false" hits="64" number="162"/>
                        <line branch="false" hits="0" number="163"/>
                        <line branch="false" hits="1" number="165"/>
                        <line branch="false" hits="1" number="168"/>
                        <line branch="false" hits="1" number="169"/>
                        <line branch="false" hits="65" number="172"/>
                        <line branch="false" hits="64" number="173"/>
                        <line branch="false" hits="64" number="174"/>
                        <line branch="false" hits="65" number="176"/>
                        <line branch="false" hits="64" number="177"/>
                        <line branch="false" hits="64" number="178"/>
                        <line branch="false" hits="64" number="179"/>
                        <line branch="false" hits="0" number="180"/>
                        <line branch="false" hits="64" number="185"/>
                        <line branch="false" hits="1" number="187"/>
                    </lines>
                </class>
                <class branch-rate="0" complexity="0" filename="src/sets/visited/uncompressed_set.rs" line-rate="0.9494949494949495" name="src.sets.visited.uncompressed_set.rs">
                    <methods>
                        <method name="&lt;catapult::sets::visited::uncompressed_set::UncompressedSet&gt;::new" signature="" complexity="0" line-rate="1" branch-rate="1">
                            <lines>
                                <line hits="21" number="35" branch="false"/>
                            </lines>
                        </method>
                        <method name="catapult::sets::visited::uncompressed_set::tests::idempotent_sets" signature="" complexity="0" line-rate="1" branch-rate="1">
                            <lines>
                                <line hits="1" number="144" branch="false"/>
                            </lines>
                        </method>
                        <method name="catapult::sets::visited::uncompressed_set::tests::last_index_is_valid" signature="" complexity="0" line-rate="1" branch-rate="1">
                            <lines>
                                <line hits="1" number="193" branch="false"/>
                            </lines>
                        </method>
                        <method name="catapult::sets::visited::uncompressed_set::tests::all_bits_start_cleared" signature="" complexity="0" line-rate="1" branch-rate="1">
                            <lines>
                                <line hits="1" number="104" branch="false"/>
                            </lines>
                        </method>
                        <method name="catapult::sets::visited::uncompressed_set::tests::dense_and_sparse_patterns" signature="" complexity="0" line-rate="1" branch-rate="1">
                            <lines>
                                <line hits="1" number="170" branch="false"/>
                            </lines>
                        </method>
                        <method name="catapult::sets::visited::uncompressed_set::tests::new_zero_capacity_constructs" signature="" complexity="0" line-rate="1" branch-rate="1">
                            <lines>
                                <line hits="1" number="98" branch="false"/>
                            </lines>
                        </method>
                        <method name="catapult::sets::visited::uncompressed_set::tests::set_bit_out_of_bounds_panics_in_debug" signature="" complexity="0" line-rate="1" branch-rate="1">
                            <lines>
                                <line hits="1" number="209" branch="false"/>
                            </lines>
                        </method>
                        <method name="catapult::sets::visited::uncompressed_set::tests::non_multiple_of_8_capacity_last_bit_works" signature="" complexity="0" line-rate="1" branch-rate="1">
                            <lines>
                                <line hits="1" number="158" branch="false"/>
                            </lines>
                        </method>
                        <method name="catapult::sets::visited::uncompressed_set::tests::set_and_get_single_bits_across_byte_boundaries" signature="" complexity="0" line-rate="1" branch-rate="1">
                            <lines>
                                <line hits="1" number="114" branch="false"/>
                            </lines>
                        </method>
                        <method name="&lt;catapult::sets::visited::uncompressed_set::UncompressedSet as catapult::sets::visited::visitor_set::VisitorSet&gt;::get" signature="" complexity="0" line-rate="1" branch-rate="1">
                            <lines>
                                <line hits="341" number="83" branch="false"/>
                            </lines>
                        </method>
                        <method name="&lt;catapult::sets::visited::uncompressed_set::UncompressedSet as catapult::sets::visited::visitor_set::VisitorSet&gt;::set" signature="" complexity="0" line-rate="1" branch-rate="1">
                            <lines>
                                <line hits="106" number="59" branch="false"/>
                            </lines>
                        </method>
                    </methods>
                    <lines>
                        <line branch="false" hits="21" number="35"/>
                        <line branch="false" hits="21" number="36"/>
                        <line branch="false" hits="21" number="37"/>
                        <line branch="false" hits="21" number="38"/>
                        <line branch="false" hits="21" number="39"/>
                        <line branch="false" hits="21" number="40"/>
                        <line branch="false" hits="21" number="41"/>
                        <line branch="false" hits="106" number="59"/>
                        <line branch="false" hits="106" number="60"/>
                        <line branch="false" hits="105" number="62"/>
                        <line branch="false" hits="105" number="63"/>
                        <line branch="false" hits="105" number="64"/>
                        <line branch="false" hits="105" number="65"/>
                        <line branch="false" hits="105" number="66"/>
                        <line branch="false" hits="341" number="83"/>
                        <line branch="false" hits="341" number="84"/>
                        <line branch="false" hits="341" number="86"/>
                        <line branch="false" hits="341" number="87"/>
                        <line branch="false" hits="341" number="88"/>
                        <line branch="false" hits="341" number="89"/>
                        <line branch="false" hits="341" number="90"/>
                        <line branch="false" hits="1" number="98"/>
                        <line branch="false" hits="1" number="99"/>
                        <line branch="false" hits="1" number="100"/>
                        <line branch="false" hits="1" number="101"/>
                        <line branch="false" hits="1" number="104"/>
                        <line branch="false" hits="9" number="105"/>
                        <line branch="false" hits="8" number="106"/>
                        <line branch="false" hits="137" number="107"/>
                        <line branch="false" hits="137" number="108"/>
                        <line branch="false" hits="1" number="111"/>
                        <line branch="false" hits="1" number="114"/>
                        <line branch="false" hits="1" number="115"/>
                        <line branch="false" hits="1" number="116"/>
                        <line branch="false" hits="1" number="117"/>
                        <line branch="false" hits="1" number="118"/>
                        <line branch="false" hits="1" number="119"/>
                        <line branch="false" hits="10" number="120"/>
                        <line branch="false" hits="9" number="121"/>
                        <line branch="false" hits="9" number="122"/>
                        <line branch="false" hits="1" number="126"/>
                        <line branch="false" hits="10" number="127"/>
                        <line branch="false" hits="9" number="128"/>
                        <line branch="false" hits="9" number="129"/>
                        <line branch="false" hits="40" number="131"/>
                        <line branch="false" hits="40" number="132"/>
                        <line branch="false" hits="40" number="133"/>
                        <line branch="false" hits="0" number="135"/>
                        <line branch="false" hits="0" number="136"/>
                        <line branch="false" hits="0" number="137"/>
                        <line branch="false" hits="0" number="138"/>
                        <line branch="false" hits="1" number="141"/>
                        <line branch="false" hits="1" number="144"/>
                        <line branch="false" hits="1" number="145"/>
                        <line branch="false" hits="1" number="146"/>
                        <line branch="false" hits="1" number="147"/>
                        <line branch="false" hits="1" number="148"/>
                        <line branch="false" hits="11" number="150"/>
                        <line branch="false" hits="10" number="151"/>
                        <line branch="false" hits="9" number="152"/>
                        <line branch="false" hits="1" number="153"/>
                        <line branch="false" hits="1" number="155"/>
                        <line branch="false" hits="1" number="158"/>
                        <line branch="false" hits="1" number="159"/>
                        <line branch="false" hits="1" number="160"/>
                        <line branch="false" hits="1" number="161"/>
                        <line branch="false" hits="1" number="162"/>
                        <line branch="false" hits="10" number="164"/>
                        <line branch="false" hits="9" number="165"/>
                        <line branch="false" hits="1" number="167"/>
                        <line branch="false" hits="1" number="170"/>
                        <line branch="false" hits="1" number="171"/>
                        <line branch="false" hits="1" number="172"/>
                        <line branch="false" hits="22" number="175"/>
                        <line branch="false" hits="22" number="176"/>
                        <line branch="false" hits="22" number="177"/>
                        <line branch="false" hits="64" number="178"/>
                        <line branch="false" hits="64" number="179"/>
                        <line branch="false" hits="64" number="180"/>
                        <line branch="false" hits="64" number="184"/>
                        <line branch="false" hits="64" number="185"/>
                        <line branch="false" hits="64" number="186"/>
                        <line branch="false" hits="64" number="187"/>
                        <line branch="false" hits="64" number="188"/>
                        <line branch="false" hits="1" number="190"/>
                        <line branch="false" hits="1" number="193"/>
                        <line branch="false" hits="8" number="194"/>
                        <line branch="false" hits="7" number="195"/>
                        <line branch="false" hits="7" number="196"/>
                        <line branch="false" hits="7" number="197"/>
                        <line branch="false" hits="7" number="198"/>
                        <line branch="false" hits="7" number="199"/>
                        <line branch="false" hits="0" number="200"/>
                        <line branch="false" hits="1" number="205"/>
                        <line branch="false" hits="1" number="209"/>
                        <line branch="false" hits="1" number="210"/>
                        <line branch="false" hits="1" number="211"/>
                        <line branch="false" hits="1" number="212"/>
                        <line branch="false" hits="1" number="213"/>
                    </lines>
                </class>
                <class branch-rate="0" complexity="0" filename="src/sets/visited/hashset.rs" line-rate="0" name="src.sets.visited.hashset.rs">
                    <methods>
                        <method name="&lt;std::collections::hash::set::HashSet&lt;usize, core::hash::BuildHasherDefault&lt;catapult::sets::visited::integer_map::NoOpHasher&gt;&gt; as catapult::sets::visited::visitor_set::VisitorSet&gt;::get" signature="" complexity="0" line-rate="0" branch-rate="0">
                            <lines>
                                <line hits="0" number="4" branch="false"/>
                            </lines>
                        </method>
                        <method name="&lt;std::collections::hash::set::HashSet&lt;usize, core::hash::BuildHasherDefault&lt;catapult::sets::visited::integer_map::NoOpHasher&gt;&gt; as catapult::sets::visited::visitor_set::VisitorSet&gt;::set" signature="" complexity="0" line-rate="0" branch-rate="0">
                            <lines>
                                <line hits="0" number="8" branch="false"/>
                            </lines>
                        </method>
                    </methods>
                    <lines>
                        <line branch="false" hits="0" number="4"/>
                        <line branch="false" hits="0" number="5"/>
                        <line branch="false" hits="0" number="6"/>
                        <line branch="false" hits="0" number="8"/>
                        <line branch="false" hits="0" number="9"/>
                        <line branch="false" hits="0" number="10"/>
                    </lines>
                </class>
            </classes>
        </package>
    </packages>
</coverage>